{"level":"info","message":"✅ Database connection successful","service":"document-management-api","timestamp":"2025-07-07 11:50:47"}
{"level":"info","message":"🚀 Server running on port 5000 in development mode","service":"document-management-api","timestamp":"2025-07-07 11:50:47"}
{"level":"info","message":"📊 Health check available at http://localhost:5000/health","service":"document-management-api","timestamp":"2025-07-07 11:50:47"}
{"level":"info","message":"🔗 API base URL: http://localhost:5000/api","service":"document-management-api","timestamp":"2025-07-07 11:50:47"}
{"level":"info","message":"POST /api/documents/embedding-response - ::1","service":"document-management-api","timestamp":"2025-07-07 11:52:05"}
{"level":"info","limit":5,"message":"Processing embedding query","query":"who is this","service":"document-management-api","timestamp":"2025-07-07 11:52:05","userId":"1"}
{"level":"info","message":"POST /api/documents/embedding-response - ::1","service":"document-management-api","timestamp":"2025-07-07 11:57:11"}
{"level":"info","limit":5,"message":"Processing embedding query","query":"hi","service":"document-management-api","timestamp":"2025-07-07 11:57:11","userId":"1"}
{"level":"info","message":"GET /api/documents/patient/2 - ::1","service":"document-management-api","timestamp":"2025-07-07 11:57:44"}
{"level":"info","message":"GET /api/documents/patient/2 - ::1","service":"document-management-api","timestamp":"2025-07-07 11:57:44"}
{"level":"info","message":"POST /api/documents/embedding-response - ::1","service":"document-management-api","timestamp":"2025-07-07 11:57:52"}
{"level":"info","limit":5,"message":"Processing embedding query","query":"hi","service":"document-management-api","timestamp":"2025-07-07 11:57:52","userId":"2"}
{"level":"info","message":"Found 1 embeddings for user 2","service":"document-management-api","timestamp":"2025-07-07 11:57:55"}
{"count":1,"level":"info","message":"Top results found","service":"document-management-api","timestamp":"2025-07-07 11:57:55"}
{"level":"info","message":"POST /api/documents/embedding-response - ::1","service":"document-management-api","timestamp":"2025-07-07 11:58:26"}
{"level":"info","limit":5,"message":"Processing embedding query","query":"what he tech stacks used","service":"document-management-api","timestamp":"2025-07-07 11:58:26","userId":"2"}
{"level":"info","message":"Found 1 embeddings for user 2","service":"document-management-api","timestamp":"2025-07-07 11:58:29"}
{"count":1,"level":"info","message":"Top results found","service":"document-management-api","timestamp":"2025-07-07 11:58:29"}
{"level":"info","message":"GET /api/documents/patient/2 - ::1","service":"document-management-api","timestamp":"2025-07-08 14:25:47"}
{"level":"info","message":"GET /api/documents/patient/2 - ::1","service":"document-management-api","timestamp":"2025-07-08 14:25:47"}
{"level":"info","message":"POST /api/documents/embedding-response - ::1","service":"document-management-api","timestamp":"2025-07-08 14:26:01"}
{"level":"info","limit":5,"message":"Processing embedding query","query":"what is the main thing","service":"document-management-api","timestamp":"2025-07-08 14:26:01","userId":"2"}
{"level":"info","message":"Found 1 embeddings for user 2","service":"document-management-api","timestamp":"2025-07-08 14:26:15"}
{"count":1,"level":"info","message":"Top results found","service":"document-management-api","timestamp":"2025-07-08 14:26:15"}
{"level":"warn","message":"Database connection test failed:","service":"document-management-api","timestamp":"2025-08-21 13:51:40"}
{"level":"info","message":"🚀 Server running on port 5000 in development mode","service":"document-management-api","timestamp":"2025-08-21 13:51:40"}
{"level":"info","message":"📊 Health check available at http://localhost:5000/health","service":"document-management-api","timestamp":"2025-08-21 13:51:40"}
{"level":"info","message":"🔗 API base URL: http://localhost:5000/api","service":"document-management-api","timestamp":"2025-08-21 13:51:40"}
{"level":"info","message":"SIGINT received, shutting down gracefully","service":"document-management-api","timestamp":"2025-08-21 13:53:13"}
{"level":"info","message":"✅ Database connection successful","service":"document-management-api","timestamp":"2025-08-23 17:55:25"}
{"level":"info","message":"🚀 Server running on port 5000 in development mode","service":"document-management-api","timestamp":"2025-08-23 17:55:25"}
{"level":"info","message":"📊 Health check available at http://localhost:5000/health","service":"document-management-api","timestamp":"2025-08-23 17:55:25"}
{"level":"info","message":"🔗 API base URL: http://localhost:5000/api","service":"document-management-api","timestamp":"2025-08-23 17:55:25"}
{"level":"info","message":"SIGINT received, shutting down gracefully","service":"document-management-api","timestamp":"2025-08-23 17:57:51"}
{"level":"info","message":"✅ Database connection successful","service":"document-management-api","timestamp":"2025-08-23 23:24:38"}
{"level":"info","message":"🚀 Server running on port 5000 in development mode","service":"document-management-api","timestamp":"2025-08-23 23:24:38"}
{"level":"info","message":"📊 Health check available at http://localhost:5000/health","service":"document-management-api","timestamp":"2025-08-23 23:24:38"}
{"level":"info","message":"🔗 API base URL: http://localhost:5000/api","service":"document-management-api","timestamp":"2025-08-23 23:24:38"}
{"level":"info","message":"GET /api/documents/patient/2 - ::1","service":"document-management-api","timestamp":"2025-08-23 23:25:43"}
{"level":"info","message":"GET /api/documents/patient/2 - ::1","service":"document-management-api","timestamp":"2025-08-23 23:25:43"}
{"level":"info","message":"POST /api/documents/upload - ::1","service":"document-management-api","timestamp":"2025-08-23 23:25:49"}
{"errors":[{"location":"body","msg":"Patient ID is required","path":"patientId","type":"field"}],"level":"warn","message":"Validation failed","method":"POST","service":"document-management-api","timestamp":"2025-08-23 23:25:49","url":"/upload"}
{"level":"info","message":"POST /api/documents/upload - ::1","service":"document-management-api","timestamp":"2025-08-23 23:25:55"}
{"errors":[{"location":"body","msg":"Patient ID is required","path":"patientId","type":"field"}],"level":"warn","message":"Validation failed","method":"POST","service":"document-management-api","timestamp":"2025-08-23 23:25:55","url":"/upload"}
{"level":"info","message":"SIGINT received, shutting down gracefully","service":"document-management-api","timestamp":"2025-08-23 23:26:06"}
{"level":"info","message":"✅ Database connection successful","service":"document-management-api","timestamp":"2025-08-24 07:02:54"}
{"level":"info","message":"🚀 Server running on port 5000 in development mode","service":"document-management-api","timestamp":"2025-08-24 07:02:54"}
{"level":"info","message":"📊 Health check available at http://localhost:5000/health","service":"document-management-api","timestamp":"2025-08-24 07:02:54"}
{"level":"info","message":"🔗 API base URL: http://localhost:5000/api","service":"document-management-api","timestamp":"2025-08-24 07:02:54"}
{"level":"info","message":"SIGINT received, shutting down gracefully","service":"document-management-api","timestamp":"2025-08-24 07:03:04"}
{"level":"info","message":"✅ Database connection successful","service":"document-management-api","timestamp":"2025-08-24 15:47:31"}
{"level":"info","message":"🚀 Server running on port 5000 in development mode","service":"document-management-api","timestamp":"2025-08-24 15:47:31"}
{"level":"info","message":"📊 Health check available at http://localhost:5000/health","service":"document-management-api","timestamp":"2025-08-24 15:47:31"}
{"level":"info","message":"🔗 API base URL: http://localhost:5000/api","service":"document-management-api","timestamp":"2025-08-24 15:47:31"}
{"level":"info","message":"SIGINT received, shutting down gracefully","service":"document-management-api","timestamp":"2025-08-25 15:01:11"}
